<?xml version="1.0" encoding="UTF-8"?>
<testsuite name="ohtuesimerkki.StatisticksTest" tests="4" skipped="0" failures="0" errors="0" timestamp="2019-11-04T14:15:45" hostname="lx6-fuxi008" time="0.012">
  <properties/>
  <testcase name="search" classname="ohtuesimerkki.StatisticksTest" time="0.009"/>
  <testcase name="Team" classname="ohtuesimerkki.StatisticksTest" time="0.001"/>
  <testcase name="topS" classname="ohtuesimerkki.StatisticksTest" time="0.0"/>
  <testcase name="search2" classname="ohtuesimerkki.StatisticksTest" time="0.0"/>
  <system-out><![CDATA[]]></system-out>
  <system-err><![CDATA[]]></system-err>
</testsuite>
